<!DOCTYPE html PUBLIC "-//W3C//DTD XHTML 1.1//EN" "http://www.w3.org/TR/xhtml11/DTD/xhtml11.dtd">
<html xmlns="http://www.w3.org/1999/xhtml">
<head>
<meta http-equiv="content-type" content="text/html; charset=UTF-8"/>
<title>TestNG Report</title>
<style type="text/css">table {margin-bottom:10px;border-collapse:collapse;empty-cells:show}th,td {border:1px solid #009;padding:.25em .5em}th {vertical-align:bottom}td {vertical-align:top}table a {font-weight:bold}.stripe td {background-color: #E6EBF9}.num {text-align:right}.passedodd td {background-color: #3F3}.passedeven td {background-color: #0A0}.skippedodd td {background-color: #DDD}.skippedeven td {background-color: #CCC}.failedodd td,.attn {background-color: #F33}.failedeven td,.stripe .attn {background-color: #D00}.stacktrace {white-space:pre;font-family:monospace}.totop {font-size:85%;text-align:center;border-bottom:2px solid #000}.invisible {display:none}</style>
</head>
<body>
<table>
<tr><th>Test</th><th># Passed</th><th># Skipped</th><th># Failed</th><th>Time (ms)</th><th>Included Groups</th><th>Excluded Groups</th></tr>
<tr><th colspan="7">Suite1</th></tr>
<tr><td><a href="#t0">Test1</a></td><td class="num">15</td><td class="num attn">3</td><td class="num attn">2</td><td class="num">94,030</td><td></td><td></td></tr>
</table>
<table id='summary'><thead><tr><th>Class</th><th>Method</th><th>Start</th><th>Time (ms)</th></tr></thead><tbody><tr><th colspan="4">Suite1</th></tr></tbody><tbody id="t0"><tr><th colspan="4">Test1 &#8212; failed (configuration methods)</th></tr><tr class="failedeven"><td rowspan="1">com.actions.chatbot.addactions.VerifyActionResetButton</td><td><a href="#m0">setUp</a></td><td rowspan="1">1582004916318</td><td rowspan="1">4996</td></tr><tr class="failedodd"><td rowspan="1">com.actions.chatbot.searchactions.VerifyGenerateReport</td><td><a href="#m1">setUp</a></td><td rowspan="1">1582004924700</td><td rowspan="1">5283</td></tr><tr class="failedeven"><td rowspan="1">com.actions.chatbot.searchactions.VerifySearchActionbyName</td><td><a href="#m2">setUp</a></td><td rowspan="1">1582004940507</td><td rowspan="1">5598</td></tr><tr><th colspan="4">Test1 &#8212; failed</th></tr><tr class="failedeven"><td rowspan="1">com.actions.chatbot.searchactions.VerifyDeleteTextResponses</td><td><a href="#m3">verifySearchActionbyName</a></td><td rowspan="1">1582004937903</td><td rowspan="1">46879</td></tr><tr class="failedodd"><td rowspan="1">com.intents.chatbot.addintents.VerifyQuickIntentCreation</td><td><a href="#m4">verifyQuickIntentCreation</a></td><td rowspan="1">1582004958593</td><td rowspan="1">13776</td></tr><tr><th colspan="4">Test1 &#8212; skipped</th></tr><tr class="skippedeven"><td rowspan="1">com.actions.chatbot.addactions.VerifyActionResetButton</td><td><a href="#m5">VerifyActionResetButton</a></td><td rowspan="1">1582004921322</td><td rowspan="1">0</td></tr><tr class="skippedodd"><td rowspan="1">com.actions.chatbot.searchactions.VerifyGenerateReport</td><td><a href="#m6">verifyGenerateReport</a></td><td rowspan="1">1582004929983</td><td rowspan="1">0</td></tr><tr class="skippedeven"><td rowspan="1">com.actions.chatbot.searchactions.VerifySearchActionbyName</td><td><a href="#m7">verifySearchActionbyName</a></td><td rowspan="1">1582004946105</td><td rowspan="1">0</td></tr><tr><th colspan="4">Test1 &#8212; passed</th></tr><tr class="passedeven"><td rowspan="1">com.actions.chatbot.addactions.ActionNameMandatory</td><td><a href="#m8">actionNameMandatory</a></td><td rowspan="1">1582004921727</td><td rowspan="1">4528</td></tr><tr class="passedodd"><td rowspan="1">com.actions.chatbot.addactions.CreateAnAction</td><td><a href="#m9">createAnAction</a></td><td rowspan="1">1582004908147</td><td rowspan="1">12138</td></tr><tr class="passedeven"><td rowspan="1">com.actions.chatbot.addactions.VerifyActionNameUnique</td><td><a href="#m10">verifyActionNameUnique</a></td><td rowspan="1">1582004921617</td><td rowspan="1">11144</td></tr><tr class="passedodd"><td rowspan="1">com.actions.chatbot.searchactions.DeleteanAction</td><td><a href="#m11">DeleteanAction</a></td><td rowspan="1">1582004923088</td><td rowspan="1">12025</td></tr><tr class="passedeven"><td rowspan="1">com.actions.chatbot.searchactions.VerifyGenerateExcel</td><td><a href="#m12">verifyGenerateExcel</a></td><td rowspan="1">1582004929802</td><td rowspan="1">6419</td></tr><tr class="passedodd"><td rowspan="1">com.actions.chatbot.searchactions.VerifySearchActionbyAll</td><td><a href="#m13">verifySearchActionbyName</a></td><td rowspan="1">1582004941448</td><td rowspan="1">9466</td></tr><tr class="passedeven"><td rowspan="1">com.actions.chatbot.searchactions.VerifyUpdateAction</td><td><a href="#m14">verifyUpdateAction</a></td><td rowspan="1">1582004935634</td><td rowspan="1">15301</td></tr><tr class="passedodd"><td rowspan="1">com.actions.chatbot.searchactions.VerifyViewAction</td><td><a href="#m15">verifyViewAction</a></td><td rowspan="1">1582004947038</td><td rowspan="1">14118</td></tr><tr class="passedeven"><td rowspan="1">com.intents.chatbot.addintents.VerifyActionNameMandatory</td><td><a href="#m16">verifyanExistingGroupSelecting</a></td><td rowspan="1">1582004969232</td><td rowspan="1">22101</td></tr><tr class="passedodd"><td rowspan="1">com.intents.chatbot.addintents.VerifyAddIntentwithQP</td><td><a href="#m17">verifyAddIntentwithQP</a></td><td rowspan="1">1582004953142</td><td rowspan="1">26475</td></tr><tr class="passedeven"><td rowspan="1">com.intents.chatbot.addintents.VerifyanExistingGroupSelecting</td><td><a href="#m18">verifyanExistingGroupSelecting</a></td><td rowspan="1">1582004961011</td><td rowspan="1">26475</td></tr><tr class="passedodd"><td rowspan="1">com.login.chatbot.InvalidUserNameandInvalidpw</td><td><a href="#m19">invalidUserNameandValidpw</a></td><td rowspan="1">1582004907845</td><td rowspan="1">4312</td></tr><tr class="passedeven"><td rowspan="1">com.login.chatbot.InvalidUserNameandValidpw</td><td><a href="#m20">invalidUserNameandValidpw</a></td><td rowspan="1">1582004910977</td><td rowspan="1">1376</td></tr><tr class="passedodd"><td rowspan="1">com.login.chatbot.SuccessfulLogin</td><td><a href="#m21">successfulLogin</a></td><td rowspan="1">1582004907540</td><td rowspan="1">5900</td></tr><tr class="passedeven"><td rowspan="1">com.login.chatbot.ValidUserNameandInvalidpw</td><td><a href="#m22">validUserNameandInvalidpw</a></td><td rowspan="1">1582004907587</td><td rowspan="1">3953</td></tr></tbody>
</table>
<h2>Test1</h2><h3 id="m0">com.actions.chatbot.addactions.VerifyActionResetButton#setUp</h3><table class="result"><tr><th>Exception</th></tr><tr><td><div class="stacktrace">java.lang.IllegalStateException: The driver executable does not exist: /home/nilushi/Documents/chatbot/Chat_Bot_Regeression_Cycle/E:/Workspace/chromedriver.exe
	at com.google.common.base.Preconditions.checkState(Preconditions.java:585)
	at org.openqa.selenium.remote.service.DriverService.checkExecutable(DriverService.java:146)
	at org.openqa.selenium.remote.service.DriverService.findExecutable(DriverService.java:141)
	at org.openqa.selenium.chrome.ChromeDriverService.access$000(ChromeDriverService.java:35)
	at org.openqa.selenium.chrome.ChromeDriverService$Builder.findDefaultExecutable(ChromeDriverService.java:159)
	at org.openqa.selenium.remote.service.DriverService$Builder.build(DriverService.java:355)
	at org.openqa.selenium.chrome.ChromeDriverService.createDefaultService(ChromeDriverService.java:94)
	at org.openqa.selenium.chrome.ChromeDriver.&lt;init&gt;(ChromeDriver.java:123)
	at com.actions.chatbot.addactions.VerifyActionResetButton.setUp(VerifyActionResetButton.java:31)
	at java.util.concurrent.ThreadPoolExecutor.runWorker(ThreadPoolExecutor.java:1149)
	at java.util.concurrent.ThreadPoolExecutor$Worker.run(ThreadPoolExecutor.java:624)
	at java.lang.Thread.run(Thread.java:748)
... Removed 11 stack frames</div></td></tr></table><p class="totop"><a href="#summary">back to summary</a></p>
<h3 id="m1">com.actions.chatbot.searchactions.VerifyGenerateReport#setUp</h3><table class="result"><tr><th>Exception</th></tr><tr><td><div class="stacktrace">java.lang.IllegalStateException: The driver executable does not exist: /home/nilushi/Documents/chatbot/Chat_Bot_Regeression_Cycle/E:/Workspace/chromedriver.exe
	at com.google.common.base.Preconditions.checkState(Preconditions.java:585)
	at org.openqa.selenium.remote.service.DriverService.checkExecutable(DriverService.java:146)
	at org.openqa.selenium.remote.service.DriverService.findExecutable(DriverService.java:141)
	at org.openqa.selenium.chrome.ChromeDriverService.access$000(ChromeDriverService.java:35)
	at org.openqa.selenium.chrome.ChromeDriverService$Builder.findDefaultExecutable(ChromeDriverService.java:159)
	at org.openqa.selenium.remote.service.DriverService$Builder.build(DriverService.java:355)
	at org.openqa.selenium.chrome.ChromeDriverService.createDefaultService(ChromeDriverService.java:94)
	at org.openqa.selenium.chrome.ChromeDriver.&lt;init&gt;(ChromeDriver.java:123)
	at com.actions.chatbot.searchactions.VerifyGenerateReport.setUp(VerifyGenerateReport.java:26)
	at java.util.concurrent.ThreadPoolExecutor.runWorker(ThreadPoolExecutor.java:1149)
	at java.util.concurrent.ThreadPoolExecutor$Worker.run(ThreadPoolExecutor.java:624)
	at java.lang.Thread.run(Thread.java:748)
... Removed 11 stack frames</div></td></tr></table><p class="totop"><a href="#summary">back to summary</a></p>
<h3 id="m2">com.actions.chatbot.searchactions.VerifySearchActionbyName#setUp</h3><table class="result"><tr><th>Exception</th></tr><tr><td><div class="stacktrace">java.lang.IllegalStateException: The driver executable does not exist: /home/nilushi/Documents/chatbot/Chat_Bot_Regeression_Cycle/E:/Workspace/chromedriver.exe
	at com.google.common.base.Preconditions.checkState(Preconditions.java:585)
	at org.openqa.selenium.remote.service.DriverService.checkExecutable(DriverService.java:146)
	at org.openqa.selenium.remote.service.DriverService.findExecutable(DriverService.java:141)
	at org.openqa.selenium.chrome.ChromeDriverService.access$000(ChromeDriverService.java:35)
	at org.openqa.selenium.chrome.ChromeDriverService$Builder.findDefaultExecutable(ChromeDriverService.java:159)
	at org.openqa.selenium.remote.service.DriverService$Builder.build(DriverService.java:355)
	at org.openqa.selenium.chrome.ChromeDriverService.createDefaultService(ChromeDriverService.java:94)
	at org.openqa.selenium.chrome.ChromeDriver.&lt;init&gt;(ChromeDriver.java:123)
	at com.actions.chatbot.searchactions.VerifySearchActionbyName.setUp(VerifySearchActionbyName.java:26)
	at java.util.concurrent.ThreadPoolExecutor.runWorker(ThreadPoolExecutor.java:1149)
	at java.util.concurrent.ThreadPoolExecutor$Worker.run(ThreadPoolExecutor.java:624)
	at java.lang.Thread.run(Thread.java:748)
... Removed 11 stack frames</div></td></tr></table><p class="totop"><a href="#summary">back to summary</a></p>
<h3 id="m3">com.actions.chatbot.searchactions.VerifyDeleteTextResponses#verifySearchActionbyName</h3><table class="result"><tr><th>Exception</th></tr><tr><td><div class="stacktrace">org.openqa.selenium.NoSuchElementException: Unable to locate element: //*[contains(text(),&apos;Play with your kids&apos;)]
For documentation on this error, please visit: https://www.seleniumhq.org/exceptions/no_such_element.html
Build info: version: &apos;3.141.59&apos;, revision: &apos;e82be7d358&apos;, time: &apos;2018-11-14T08:17:03&apos;
System info: host: &apos;nilushi-trabeya&apos;, ip: &apos;127.0.1.1&apos;, os.name: &apos;Linux&apos;, os.arch: &apos;amd64&apos;, os.version: &apos;5.3.0-28-generic&apos;, java.version: &apos;1.8.0_211&apos;
Driver info: org.openqa.selenium.firefox.FirefoxDriver
Capabilities {acceptInsecureCerts: true, browserName: firefox, browserVersion: 73.0, javascriptEnabled: true, moz:accessibilityChecks: false, moz:buildID: 20200207195153, moz:geckodriverVersion: 0.26.0, moz:headless: false, moz:processID: 31480, moz:profile: /tmp/rust_mozprofileQ2Ywal, moz:shutdownTimeout: 60000, moz:useNonSpecCompliantPointerOrigin: false, moz:webdriverClick: true, pageLoadStrategy: normal, platform: LINUX, platformName: LINUX, platformVersion: 5.3.0-28-generic, rotatable: false, setWindowRect: true, strictFileInteractability: false, timeouts: {implicit: 0, pageLoad: 300000, script: 30000}, unhandledPromptBehavior: dismiss and notify}
Session ID: 852a76af-81a3-4489-aaae-8fb7d7e14d1a
*** Element info: {Using=xpath, value=//*[contains(text(),&apos;Play with your kids&apos;)]}
	at org.openqa.selenium.remote.http.W3CHttpResponseCodec.createException(W3CHttpResponseCodec.java:187)
	at org.openqa.selenium.remote.http.W3CHttpResponseCodec.decode(W3CHttpResponseCodec.java:122)
	at org.openqa.selenium.remote.http.W3CHttpResponseCodec.decode(W3CHttpResponseCodec.java:49)
	at org.openqa.selenium.remote.HttpCommandExecutor.execute(HttpCommandExecutor.java:158)
	at org.openqa.selenium.remote.service.DriverCommandExecutor.execute(DriverCommandExecutor.java:83)
	at org.openqa.selenium.remote.RemoteWebDriver.execute(RemoteWebDriver.java:552)
	at org.openqa.selenium.remote.RemoteWebDriver.findElement(RemoteWebDriver.java:323)
	at org.openqa.selenium.remote.RemoteWebDriver.findElementByXPath(RemoteWebDriver.java:428)
	at org.openqa.selenium.By$ByXPath.findElement(By.java:353)
	at org.openqa.selenium.remote.RemoteWebDriver.findElement(RemoteWebDriver.java:315)
	at com.actions.chatbot.searchactions.VerifyDeleteTextResponses.verifySearchActionbyName(VerifyDeleteTextResponses.java:79)
	at java.util.concurrent.ThreadPoolExecutor.runWorker(ThreadPoolExecutor.java:1149)
	at java.util.concurrent.ThreadPoolExecutor$Worker.run(ThreadPoolExecutor.java:624)
	at java.lang.Thread.run(Thread.java:748)
... Removed 14 stack frames</div></td></tr></table><p class="totop"><a href="#summary">back to summary</a></p>
<h3 id="m4">com.intents.chatbot.addintents.VerifyQuickIntentCreation#verifyQuickIntentCreation</h3><table class="result"><tr><th>Exception</th></tr><tr><td><div class="stacktrace">org.openqa.selenium.ElementClickInterceptedException: Element &lt;span class=&quot;ui-button-text ui-c&quot;&gt; is not clickable at point (783,935) because another element &lt;div id=&quot;j_idt286_modal&quot; class=&quot;ui-widget-overlay ui-dialog-mask&quot;&gt; obscures it
Build info: version: &apos;3.141.59&apos;, revision: &apos;e82be7d358&apos;, time: &apos;2018-11-14T08:17:03&apos;
System info: host: &apos;nilushi-trabeya&apos;, ip: &apos;127.0.1.1&apos;, os.name: &apos;Linux&apos;, os.arch: &apos;amd64&apos;, os.version: &apos;5.3.0-28-generic&apos;, java.version: &apos;1.8.0_211&apos;
Driver info: org.openqa.selenium.firefox.FirefoxDriver
Capabilities {acceptInsecureCerts: true, browserName: firefox, browserVersion: 73.0, javascriptEnabled: true, moz:accessibilityChecks: false, moz:buildID: 20200207195153, moz:geckodriverVersion: 0.26.0, moz:headless: false, moz:processID: 32749, moz:profile: /tmp/rust_mozprofileowsF0i, moz:shutdownTimeout: 60000, moz:useNonSpecCompliantPointerOrigin: false, moz:webdriverClick: true, pageLoadStrategy: normal, platform: LINUX, platformName: LINUX, platformVersion: 5.3.0-28-generic, rotatable: false, setWindowRect: true, strictFileInteractability: false, timeouts: {implicit: 0, pageLoad: 300000, script: 30000}, unhandledPromptBehavior: dismiss and notify}
Session ID: fb2fc01f-d6e7-4049-a5d7-052b90ca2ae6
	at org.openqa.selenium.remote.http.W3CHttpResponseCodec.createException(W3CHttpResponseCodec.java:187)
	at org.openqa.selenium.remote.http.W3CHttpResponseCodec.decode(W3CHttpResponseCodec.java:122)
	at org.openqa.selenium.remote.http.W3CHttpResponseCodec.decode(W3CHttpResponseCodec.java:49)
	at org.openqa.selenium.remote.HttpCommandExecutor.execute(HttpCommandExecutor.java:158)
	at org.openqa.selenium.remote.service.DriverCommandExecutor.execute(DriverCommandExecutor.java:83)
	at org.openqa.selenium.remote.RemoteWebDriver.execute(RemoteWebDriver.java:552)
	at org.openqa.selenium.remote.RemoteWebElement.execute(RemoteWebElement.java:285)
	at org.openqa.selenium.remote.RemoteWebElement.click(RemoteWebElement.java:84)
	at com.intents.chatbot.addintents.VerifyQuickIntentCreation.verifyQuickIntentCreation(VerifyQuickIntentCreation.java:70)
	at java.util.concurrent.ThreadPoolExecutor.runWorker(ThreadPoolExecutor.java:1149)
	at java.util.concurrent.ThreadPoolExecutor$Worker.run(ThreadPoolExecutor.java:624)
	at java.lang.Thread.run(Thread.java:748)
... Removed 14 stack frames</div></td></tr></table><p class="totop"><a href="#summary">back to summary</a></p>
<h3 id="m5">com.actions.chatbot.addactions.VerifyActionResetButton#VerifyActionResetButton</h3><table class="result"><tr><th>Exception</th></tr><tr><td><div class="stacktrace">java.lang.IllegalStateException: The driver executable does not exist: /home/nilushi/Documents/chatbot/Chat_Bot_Regeression_Cycle/E:/Workspace/chromedriver.exe
	at com.google.common.base.Preconditions.checkState(Preconditions.java:585)
	at org.openqa.selenium.remote.service.DriverService.checkExecutable(DriverService.java:146)
	at org.openqa.selenium.remote.service.DriverService.findExecutable(DriverService.java:141)
	at org.openqa.selenium.chrome.ChromeDriverService.access$000(ChromeDriverService.java:35)
	at org.openqa.selenium.chrome.ChromeDriverService$Builder.findDefaultExecutable(ChromeDriverService.java:159)
	at org.openqa.selenium.remote.service.DriverService$Builder.build(DriverService.java:355)
	at org.openqa.selenium.chrome.ChromeDriverService.createDefaultService(ChromeDriverService.java:94)
	at org.openqa.selenium.chrome.ChromeDriver.&lt;init&gt;(ChromeDriver.java:123)
	at com.actions.chatbot.addactions.VerifyActionResetButton.setUp(VerifyActionResetButton.java:31)
	at java.util.concurrent.ThreadPoolExecutor.runWorker(ThreadPoolExecutor.java:1149)
	at java.util.concurrent.ThreadPoolExecutor$Worker.run(ThreadPoolExecutor.java:624)
	at java.lang.Thread.run(Thread.java:748)
... Removed 11 stack frames</div></td></tr></table><p class="totop"><a href="#summary">back to summary</a></p>
<h3 id="m6">com.actions.chatbot.searchactions.VerifyGenerateReport#verifyGenerateReport</h3><table class="result"><tr><th>Exception</th></tr><tr><td><div class="stacktrace">java.lang.IllegalStateException: The driver executable does not exist: /home/nilushi/Documents/chatbot/Chat_Bot_Regeression_Cycle/E:/Workspace/chromedriver.exe
	at com.google.common.base.Preconditions.checkState(Preconditions.java:585)
	at org.openqa.selenium.remote.service.DriverService.checkExecutable(DriverService.java:146)
	at org.openqa.selenium.remote.service.DriverService.findExecutable(DriverService.java:141)
	at org.openqa.selenium.chrome.ChromeDriverService.access$000(ChromeDriverService.java:35)
	at org.openqa.selenium.chrome.ChromeDriverService$Builder.findDefaultExecutable(ChromeDriverService.java:159)
	at org.openqa.selenium.remote.service.DriverService$Builder.build(DriverService.java:355)
	at org.openqa.selenium.chrome.ChromeDriverService.createDefaultService(ChromeDriverService.java:94)
	at org.openqa.selenium.chrome.ChromeDriver.&lt;init&gt;(ChromeDriver.java:123)
	at com.actions.chatbot.searchactions.VerifyGenerateReport.setUp(VerifyGenerateReport.java:26)
	at java.util.concurrent.ThreadPoolExecutor.runWorker(ThreadPoolExecutor.java:1149)
	at java.util.concurrent.ThreadPoolExecutor$Worker.run(ThreadPoolExecutor.java:624)
	at java.lang.Thread.run(Thread.java:748)
... Removed 11 stack frames</div></td></tr></table><p class="totop"><a href="#summary">back to summary</a></p>
<h3 id="m7">com.actions.chatbot.searchactions.VerifySearchActionbyName#verifySearchActionbyName</h3><table class="result"><tr><th>Exception</th></tr><tr><td><div class="stacktrace">java.lang.IllegalStateException: The driver executable does not exist: /home/nilushi/Documents/chatbot/Chat_Bot_Regeression_Cycle/E:/Workspace/chromedriver.exe
	at com.google.common.base.Preconditions.checkState(Preconditions.java:585)
	at org.openqa.selenium.remote.service.DriverService.checkExecutable(DriverService.java:146)
	at org.openqa.selenium.remote.service.DriverService.findExecutable(DriverService.java:141)
	at org.openqa.selenium.chrome.ChromeDriverService.access$000(ChromeDriverService.java:35)
	at org.openqa.selenium.chrome.ChromeDriverService$Builder.findDefaultExecutable(ChromeDriverService.java:159)
	at org.openqa.selenium.remote.service.DriverService$Builder.build(DriverService.java:355)
	at org.openqa.selenium.chrome.ChromeDriverService.createDefaultService(ChromeDriverService.java:94)
	at org.openqa.selenium.chrome.ChromeDriver.&lt;init&gt;(ChromeDriver.java:123)
	at com.actions.chatbot.searchactions.VerifySearchActionbyName.setUp(VerifySearchActionbyName.java:26)
	at java.util.concurrent.ThreadPoolExecutor.runWorker(ThreadPoolExecutor.java:1149)
	at java.util.concurrent.ThreadPoolExecutor$Worker.run(ThreadPoolExecutor.java:624)
	at java.lang.Thread.run(Thread.java:748)
... Removed 11 stack frames</div></td></tr></table><p class="totop"><a href="#summary">back to summary</a></p>
<h3 id="m8">com.actions.chatbot.addactions.ActionNameMandatory#actionNameMandatory</h3><table class="result"><tr><th class="invisible"/></tr></table><p class="totop"><a href="#summary">back to summary</a></p>
<h3 id="m9">com.actions.chatbot.addactions.CreateAnAction#createAnAction</h3><table class="result"><tr><th class="invisible"/></tr></table><p class="totop"><a href="#summary">back to summary</a></p>
<h3 id="m10">com.actions.chatbot.addactions.VerifyActionNameUnique#verifyActionNameUnique</h3><table class="result"><tr><th class="invisible"/></tr></table><p class="totop"><a href="#summary">back to summary</a></p>
<h3 id="m11">com.actions.chatbot.searchactions.DeleteanAction#DeleteanAction</h3><table class="result"><tr><th class="invisible"/></tr></table><p class="totop"><a href="#summary">back to summary</a></p>
<h3 id="m12">com.actions.chatbot.searchactions.VerifyGenerateExcel#verifyGenerateExcel</h3><table class="result"><tr><th class="invisible"/></tr></table><p class="totop"><a href="#summary">back to summary</a></p>
<h3 id="m13">com.actions.chatbot.searchactions.VerifySearchActionbyAll#verifySearchActionbyName</h3><table class="result"><tr><th class="invisible"/></tr></table><p class="totop"><a href="#summary">back to summary</a></p>
<h3 id="m14">com.actions.chatbot.searchactions.VerifyUpdateAction#verifyUpdateAction</h3><table class="result"><tr><th class="invisible"/></tr></table><p class="totop"><a href="#summary">back to summary</a></p>
<h3 id="m15">com.actions.chatbot.searchactions.VerifyViewAction#verifyViewAction</h3><table class="result"><tr><th class="invisible"/></tr></table><p class="totop"><a href="#summary">back to summary</a></p>
<h3 id="m16">com.intents.chatbot.addintents.VerifyActionNameMandatory#verifyanExistingGroupSelecting</h3><table class="result"><tr><th class="invisible"/></tr></table><p class="totop"><a href="#summary">back to summary</a></p>
<h3 id="m17">com.intents.chatbot.addintents.VerifyAddIntentwithQP#verifyAddIntentwithQP</h3><table class="result"><tr><th class="invisible"/></tr></table><p class="totop"><a href="#summary">back to summary</a></p>
<h3 id="m18">com.intents.chatbot.addintents.VerifyanExistingGroupSelecting#verifyanExistingGroupSelecting</h3><table class="result"><tr><th class="invisible"/></tr></table><p class="totop"><a href="#summary">back to summary</a></p>
<h3 id="m19">com.login.chatbot.InvalidUserNameandInvalidpw#invalidUserNameandValidpw</h3><table class="result"><tr><th class="invisible"/></tr></table><p class="totop"><a href="#summary">back to summary</a></p>
<h3 id="m20">com.login.chatbot.InvalidUserNameandValidpw#invalidUserNameandValidpw</h3><table class="result"><tr><th class="invisible"/></tr></table><p class="totop"><a href="#summary">back to summary</a></p>
<h3 id="m21">com.login.chatbot.SuccessfulLogin#successfulLogin</h3><table class="result"><tr><th class="invisible"/></tr></table><p class="totop"><a href="#summary">back to summary</a></p>
<h3 id="m22">com.login.chatbot.ValidUserNameandInvalidpw#validUserNameandInvalidpw</h3><table class="result"><tr><th class="invisible"/></tr></table><p class="totop"><a href="#summary">back to summary</a></p>
</body>
</html>
