<?xml version="1.0" encoding="UTF-8"?>
<testng-results skipped="3" failed="2" ignored="0" total="20" passed="15">
  <reporter-output>
  </reporter-output>
  <suite name="Suite1" duration-ms="94030" started-at="2020-02-18T05:48:19Z" finished-at="2020-02-18T05:49:53Z">
    <groups>
    </groups>
    <test name="Test1" duration-ms="94030" started-at="2020-02-18T05:48:19Z" finished-at="2020-02-18T05:49:53Z">
      <class name="com.actions.chatbot.searchactions.VerifyViewAction">
        <test-method status="PASS" signature="setUp()[pri:0, instance:com.actions.chatbot.searchactions.VerifyViewAction@7225790e]" name="setUp" is-config="true" duration-ms="5400" started-at="2020-02-18T05:49:01Z" finished-at="2020-02-18T05:49:07Z">
          <reporter-output>
          </reporter-output>
        </test-method> <!-- setUp -->
        <test-method status="PASS" signature="verifyViewAction()[pri:0, instance:com.actions.chatbot.searchactions.VerifyViewAction@7225790e]" name="verifyViewAction" duration-ms="14118" started-at="2020-02-18T05:49:07Z" finished-at="2020-02-18T05:49:21Z">
          <reporter-output>
          </reporter-output>
        </test-method> <!-- verifyViewAction -->
        <test-method status="PASS" signature="tearDown()[pri:0, instance:com.actions.chatbot.searchactions.VerifyViewAction@7225790e]" name="tearDown" is-config="true" duration-ms="2903" started-at="2020-02-18T05:49:21Z" finished-at="2020-02-18T05:49:24Z">
          <reporter-output>
          </reporter-output>
        </test-method> <!-- tearDown -->
      </class> <!-- com.actions.chatbot.searchactions.VerifyViewAction -->
      <class name="com.actions.chatbot.searchactions.VerifyDeleteTextResponses">
        <test-method status="PASS" signature="setUp()[pri:0, instance:com.actions.chatbot.searchactions.VerifyDeleteTextResponses@6df97b55]" name="setUp" is-config="true" duration-ms="5267" started-at="2020-02-18T05:48:52Z" finished-at="2020-02-18T05:48:57Z">
          <reporter-output>
          </reporter-output>
        </test-method> <!-- setUp -->
        <test-method status="FAIL" signature="verifySearchActionbyName()[pri:0, instance:com.actions.chatbot.searchactions.VerifyDeleteTextResponses@6df97b55]" name="verifySearchActionbyName" duration-ms="46879" started-at="2020-02-18T05:48:57Z" finished-at="2020-02-18T05:49:44Z">
          <exception class="org.openqa.selenium.NoSuchElementException">
            <message>
              <![CDATA[Unable to locate element: //*[contains(text(),'Play with your kids')]
For documentation on this error, please visit: https://www.seleniumhq.org/exceptions/no_such_element.html
Build info: version: '3.141.59', revision: 'e82be7d358', time: '2018-11-14T08:17:03'
System info: host: 'nilushi-trabeya', ip: '127.0.1.1', os.name: 'Linux', os.arch: 'amd64', os.version: '5.3.0-28-generic', java.version: '1.8.0_211'
Driver info: org.openqa.selenium.firefox.FirefoxDriver
Capabilities {acceptInsecureCerts: true, browserName: firefox, browserVersion: 73.0, javascriptEnabled: true, moz:accessibilityChecks: false, moz:buildID: 20200207195153, moz:geckodriverVersion: 0.26.0, moz:headless: false, moz:processID: 31480, moz:profile: /tmp/rust_mozprofileQ2Ywal, moz:shutdownTimeout: 60000, moz:useNonSpecCompliantPointerOrigin: false, moz:webdriverClick: true, pageLoadStrategy: normal, platform: LINUX, platformName: LINUX, platformVersion: 5.3.0-28-generic, rotatable: false, setWindowRect: true, strictFileInteractability: false, timeouts: {implicit: 0, pageLoad: 300000, script: 30000}, unhandledPromptBehavior: dismiss and notify}
Session ID: 852a76af-81a3-4489-aaae-8fb7d7e14d1a
*** Element info: {Using=xpath, value=//*[contains(text(),'Play with your kids')]}]]>
            </message>
            <full-stacktrace>
              <![CDATA[org.openqa.selenium.NoSuchElementException: Unable to locate element: //*[contains(text(),'Play with your kids')]
For documentation on this error, please visit: https://www.seleniumhq.org/exceptions/no_such_element.html
Build info: version: '3.141.59', revision: 'e82be7d358', time: '2018-11-14T08:17:03'
System info: host: 'nilushi-trabeya', ip: '127.0.1.1', os.name: 'Linux', os.arch: 'amd64', os.version: '5.3.0-28-generic', java.version: '1.8.0_211'
Driver info: org.openqa.selenium.firefox.FirefoxDriver
Capabilities {acceptInsecureCerts: true, browserName: firefox, browserVersion: 73.0, javascriptEnabled: true, moz:accessibilityChecks: false, moz:buildID: 20200207195153, moz:geckodriverVersion: 0.26.0, moz:headless: false, moz:processID: 31480, moz:profile: /tmp/rust_mozprofileQ2Ywal, moz:shutdownTimeout: 60000, moz:useNonSpecCompliantPointerOrigin: false, moz:webdriverClick: true, pageLoadStrategy: normal, platform: LINUX, platformName: LINUX, platformVersion: 5.3.0-28-generic, rotatable: false, setWindowRect: true, strictFileInteractability: false, timeouts: {implicit: 0, pageLoad: 300000, script: 30000}, unhandledPromptBehavior: dismiss and notify}
Session ID: 852a76af-81a3-4489-aaae-8fb7d7e14d1a
*** Element info: {Using=xpath, value=//*[contains(text(),'Play with your kids')]}
at sun.reflect.NativeConstructorAccessorImpl.newInstance0(Native Method)
at sun.reflect.NativeConstructorAccessorImpl.newInstance(NativeConstructorAccessorImpl.java:62)
at sun.reflect.DelegatingConstructorAccessorImpl.newInstance(DelegatingConstructorAccessorImpl.java:45)
at java.lang.reflect.Constructor.newInstance(Constructor.java:423)
at org.openqa.selenium.remote.http.W3CHttpResponseCodec.createException(W3CHttpResponseCodec.java:187)
at org.openqa.selenium.remote.http.W3CHttpResponseCodec.decode(W3CHttpResponseCodec.java:122)
at org.openqa.selenium.remote.http.W3CHttpResponseCodec.decode(W3CHttpResponseCodec.java:49)
at org.openqa.selenium.remote.HttpCommandExecutor.execute(HttpCommandExecutor.java:158)
at org.openqa.selenium.remote.service.DriverCommandExecutor.execute(DriverCommandExecutor.java:83)
at org.openqa.selenium.remote.RemoteWebDriver.execute(RemoteWebDriver.java:552)
at org.openqa.selenium.remote.RemoteWebDriver.findElement(RemoteWebDriver.java:323)
at org.openqa.selenium.remote.RemoteWebDriver.findElementByXPath(RemoteWebDriver.java:428)
at org.openqa.selenium.By$ByXPath.findElement(By.java:353)
at org.openqa.selenium.remote.RemoteWebDriver.findElement(RemoteWebDriver.java:315)
at com.actions.chatbot.searchactions.VerifyDeleteTextResponses.verifySearchActionbyName(VerifyDeleteTextResponses.java:79)
at sun.reflect.NativeMethodAccessorImpl.invoke0(Native Method)
at sun.reflect.NativeMethodAccessorImpl.invoke(NativeMethodAccessorImpl.java:62)
at sun.reflect.DelegatingMethodAccessorImpl.invoke(DelegatingMethodAccessorImpl.java:43)
at java.lang.reflect.Method.invoke(Method.java:498)
at org.testng.internal.MethodInvocationHelper.invokeMethod(MethodInvocationHelper.java:124)
at org.testng.internal.Invoker.invokeMethod(Invoker.java:583)
at org.testng.internal.Invoker.invokeTestMethod(Invoker.java:719)
at org.testng.internal.Invoker.invokeTestMethods(Invoker.java:989)
at org.testng.internal.TestMethodWorker.invokeTestMethods(TestMethodWorker.java:125)
at org.testng.internal.TestMethodWorker.run(TestMethodWorker.java:109)
at java.util.concurrent.ThreadPoolExecutor.runWorker(ThreadPoolExecutor.java:1149)
at java.util.concurrent.ThreadPoolExecutor$Worker.run(ThreadPoolExecutor.java:624)
at java.lang.Thread.run(Thread.java:748)
]]>
            </full-stacktrace>
          </exception> <!-- org.openqa.selenium.NoSuchElementException -->
          <reporter-output>
          </reporter-output>
        </test-method> <!-- verifySearchActionbyName -->
        <test-method status="PASS" signature="tearDown()[pri:0, instance:com.actions.chatbot.searchactions.VerifyDeleteTextResponses@6df97b55]" name="tearDown" is-config="true" duration-ms="1483" started-at="2020-02-18T05:49:44Z" finished-at="2020-02-18T05:49:46Z">
          <reporter-output>
          </reporter-output>
        </test-method> <!-- tearDown -->
      </class> <!-- com.actions.chatbot.searchactions.VerifyDeleteTextResponses -->
      <class name="com.actions.chatbot.addactions.ActionNameMandatory">
        <test-method status="PASS" signature="setUp()[pri:0, instance:com.actions.chatbot.addactions.ActionNameMandatory@3a03464]" name="setUp" is-config="true" duration-ms="7256" started-at="2020-02-18T05:48:34Z" finished-at="2020-02-18T05:48:41Z">
          <reporter-output>
          </reporter-output>
        </test-method> <!-- setUp -->
        <test-method status="PASS" signature="actionNameMandatory()[pri:0, instance:com.actions.chatbot.addactions.ActionNameMandatory@3a03464]" name="actionNameMandatory" duration-ms="4528" started-at="2020-02-18T05:48:41Z" finished-at="2020-02-18T05:48:46Z">
          <reporter-output>
          </reporter-output>
        </test-method> <!-- actionNameMandatory -->
        <test-method status="PASS" signature="tearDown()[pri:0, instance:com.actions.chatbot.addactions.ActionNameMandatory@3a03464]" name="tearDown" is-config="true" duration-ms="4169" started-at="2020-02-18T05:48:46Z" finished-at="2020-02-18T05:48:50Z">
          <reporter-output>
          </reporter-output>
        </test-method> <!-- tearDown -->
      </class> <!-- com.actions.chatbot.addactions.ActionNameMandatory -->
      <class name="com.actions.chatbot.searchactions.VerifySearchActionbyAll">
        <test-method status="PASS" signature="setUp()[pri:0, instance:com.actions.chatbot.searchactions.VerifySearchActionbyAll@3cbbc1e0]" name="setUp" is-config="true" duration-ms="5472" started-at="2020-02-18T05:48:55Z" finished-at="2020-02-18T05:49:01Z">
          <reporter-output>
          </reporter-output>
        </test-method> <!-- setUp -->
        <test-method status="PASS" signature="verifySearchActionbyName()[pri:0, instance:com.actions.chatbot.searchactions.VerifySearchActionbyAll@3cbbc1e0]" name="verifySearchActionbyName" duration-ms="9466" started-at="2020-02-18T05:49:01Z" finished-at="2020-02-18T05:49:10Z">
          <reporter-output>
          </reporter-output>
        </test-method> <!-- verifySearchActionbyName -->
        <test-method status="PASS" signature="tearDown()[pri:0, instance:com.actions.chatbot.searchactions.VerifySearchActionbyAll@3cbbc1e0]" name="tearDown" is-config="true" duration-ms="4974" started-at="2020-02-18T05:49:10Z" finished-at="2020-02-18T05:49:15Z">
          <reporter-output>
          </reporter-output>
        </test-method> <!-- tearDown -->
      </class> <!-- com.actions.chatbot.searchactions.VerifySearchActionbyAll -->
      <class name="com.actions.chatbot.searchactions.VerifyGenerateExcel">
        <test-method status="PASS" signature="setUp()[pri:0, instance:com.actions.chatbot.searchactions.VerifyGenerateExcel@67b6d4ae]" name="setUp" is-config="true" duration-ms="5398" started-at="2020-02-18T05:48:44Z" finished-at="2020-02-18T05:48:49Z">
          <reporter-output>
          </reporter-output>
        </test-method> <!-- setUp -->
        <test-method status="PASS" signature="verifyGenerateExcel()[pri:0, instance:com.actions.chatbot.searchactions.VerifyGenerateExcel@67b6d4ae]" name="verifyGenerateExcel" duration-ms="6419" started-at="2020-02-18T05:48:49Z" finished-at="2020-02-18T05:48:56Z">
          <reporter-output>
          </reporter-output>
        </test-method> <!-- verifyGenerateExcel -->
        <test-method status="PASS" signature="tearDown()[pri:0, instance:com.actions.chatbot.searchactions.VerifyGenerateExcel@67b6d4ae]" name="tearDown" is-config="true" duration-ms="5416" started-at="2020-02-18T05:48:56Z" finished-at="2020-02-18T05:49:01Z">
          <reporter-output>
          </reporter-output>
        </test-method> <!-- tearDown -->
      </class> <!-- com.actions.chatbot.searchactions.VerifyGenerateExcel -->
      <class name="com.login.chatbot.ValidUserNameandInvalidpw">
        <test-method status="PASS" signature="setUp()[pri:0, instance:com.login.chatbot.ValidUserNameandInvalidpw@1936f0f5]" name="setUp" is-config="true" duration-ms="7911" started-at="2020-02-18T05:48:19Z" finished-at="2020-02-18T05:48:27Z">
          <reporter-output>
          </reporter-output>
        </test-method> <!-- setUp -->
        <test-method status="PASS" signature="validUserNameandInvalidpw()[pri:0, instance:com.login.chatbot.ValidUserNameandInvalidpw@1936f0f5]" name="validUserNameandInvalidpw" duration-ms="3953" started-at="2020-02-18T05:48:27Z" finished-at="2020-02-18T05:48:31Z">
          <reporter-output>
          </reporter-output>
        </test-method> <!-- validUserNameandInvalidpw -->
        <test-method status="PASS" signature="tearDown()[pri:0, instance:com.login.chatbot.ValidUserNameandInvalidpw@1936f0f5]" name="tearDown" is-config="true" duration-ms="2929" started-at="2020-02-18T05:48:31Z" finished-at="2020-02-18T05:48:34Z">
          <reporter-output>
          </reporter-output>
        </test-method> <!-- tearDown -->
      </class> <!-- com.login.chatbot.ValidUserNameandInvalidpw -->
      <class name="com.intents.chatbot.addintents.VerifyQuickIntentCreation">
        <test-method status="PASS" signature="setUp()[pri:0, instance:com.intents.chatbot.addintents.VerifyQuickIntentCreation@36f6e879]" name="setUp" is-config="true" duration-ms="4476" started-at="2020-02-18T05:49:14Z" finished-at="2020-02-18T05:49:18Z">
          <reporter-output>
          </reporter-output>
        </test-method> <!-- setUp -->
        <test-method status="FAIL" signature="verifyQuickIntentCreation()[pri:0, instance:com.intents.chatbot.addintents.VerifyQuickIntentCreation@36f6e879]" name="verifyQuickIntentCreation" duration-ms="13776" started-at="2020-02-18T05:49:18Z" finished-at="2020-02-18T05:49:32Z">
          <exception class="org.openqa.selenium.ElementClickInterceptedException">
            <message>
              <![CDATA[Element <span class="ui-button-text ui-c"> is not clickable at point (783,935) because another element <div id="j_idt286_modal" class="ui-widget-overlay ui-dialog-mask"> obscures it
Build info: version: '3.141.59', revision: 'e82be7d358', time: '2018-11-14T08:17:03'
System info: host: 'nilushi-trabeya', ip: '127.0.1.1', os.name: 'Linux', os.arch: 'amd64', os.version: '5.3.0-28-generic', java.version: '1.8.0_211'
Driver info: org.openqa.selenium.firefox.FirefoxDriver
Capabilities {acceptInsecureCerts: true, browserName: firefox, browserVersion: 73.0, javascriptEnabled: true, moz:accessibilityChecks: false, moz:buildID: 20200207195153, moz:geckodriverVersion: 0.26.0, moz:headless: false, moz:processID: 32749, moz:profile: /tmp/rust_mozprofileowsF0i, moz:shutdownTimeout: 60000, moz:useNonSpecCompliantPointerOrigin: false, moz:webdriverClick: true, pageLoadStrategy: normal, platform: LINUX, platformName: LINUX, platformVersion: 5.3.0-28-generic, rotatable: false, setWindowRect: true, strictFileInteractability: false, timeouts: {implicit: 0, pageLoad: 300000, script: 30000}, unhandledPromptBehavior: dismiss and notify}
Session ID: fb2fc01f-d6e7-4049-a5d7-052b90ca2ae6]]>
            </message>
            <full-stacktrace>
              <![CDATA[org.openqa.selenium.ElementClickInterceptedException: Element <span class="ui-button-text ui-c"> is not clickable at point (783,935) because another element <div id="j_idt286_modal" class="ui-widget-overlay ui-dialog-mask"> obscures it
Build info: version: '3.141.59', revision: 'e82be7d358', time: '2018-11-14T08:17:03'
System info: host: 'nilushi-trabeya', ip: '127.0.1.1', os.name: 'Linux', os.arch: 'amd64', os.version: '5.3.0-28-generic', java.version: '1.8.0_211'
Driver info: org.openqa.selenium.firefox.FirefoxDriver
Capabilities {acceptInsecureCerts: true, browserName: firefox, browserVersion: 73.0, javascriptEnabled: true, moz:accessibilityChecks: false, moz:buildID: 20200207195153, moz:geckodriverVersion: 0.26.0, moz:headless: false, moz:processID: 32749, moz:profile: /tmp/rust_mozprofileowsF0i, moz:shutdownTimeout: 60000, moz:useNonSpecCompliantPointerOrigin: false, moz:webdriverClick: true, pageLoadStrategy: normal, platform: LINUX, platformName: LINUX, platformVersion: 5.3.0-28-generic, rotatable: false, setWindowRect: true, strictFileInteractability: false, timeouts: {implicit: 0, pageLoad: 300000, script: 30000}, unhandledPromptBehavior: dismiss and notify}
Session ID: fb2fc01f-d6e7-4049-a5d7-052b90ca2ae6
at sun.reflect.NativeConstructorAccessorImpl.newInstance0(Native Method)
at sun.reflect.NativeConstructorAccessorImpl.newInstance(NativeConstructorAccessorImpl.java:62)
at sun.reflect.DelegatingConstructorAccessorImpl.newInstance(DelegatingConstructorAccessorImpl.java:45)
at java.lang.reflect.Constructor.newInstance(Constructor.java:423)
at org.openqa.selenium.remote.http.W3CHttpResponseCodec.createException(W3CHttpResponseCodec.java:187)
at org.openqa.selenium.remote.http.W3CHttpResponseCodec.decode(W3CHttpResponseCodec.java:122)
at org.openqa.selenium.remote.http.W3CHttpResponseCodec.decode(W3CHttpResponseCodec.java:49)
at org.openqa.selenium.remote.HttpCommandExecutor.execute(HttpCommandExecutor.java:158)
at org.openqa.selenium.remote.service.DriverCommandExecutor.execute(DriverCommandExecutor.java:83)
at org.openqa.selenium.remote.RemoteWebDriver.execute(RemoteWebDriver.java:552)
at org.openqa.selenium.remote.RemoteWebElement.execute(RemoteWebElement.java:285)
at org.openqa.selenium.remote.RemoteWebElement.click(RemoteWebElement.java:84)
at com.intents.chatbot.addintents.VerifyQuickIntentCreation.verifyQuickIntentCreation(VerifyQuickIntentCreation.java:70)
at sun.reflect.NativeMethodAccessorImpl.invoke0(Native Method)
at sun.reflect.NativeMethodAccessorImpl.invoke(NativeMethodAccessorImpl.java:62)
at sun.reflect.DelegatingMethodAccessorImpl.invoke(DelegatingMethodAccessorImpl.java:43)
at java.lang.reflect.Method.invoke(Method.java:498)
at org.testng.internal.MethodInvocationHelper.invokeMethod(MethodInvocationHelper.java:124)
at org.testng.internal.Invoker.invokeMethod(Invoker.java:583)
at org.testng.internal.Invoker.invokeTestMethod(Invoker.java:719)
at org.testng.internal.Invoker.invokeTestMethods(Invoker.java:989)
at org.testng.internal.TestMethodWorker.invokeTestMethods(TestMethodWorker.java:125)
at org.testng.internal.TestMethodWorker.run(TestMethodWorker.java:109)
at java.util.concurrent.ThreadPoolExecutor.runWorker(ThreadPoolExecutor.java:1149)
at java.util.concurrent.ThreadPoolExecutor$Worker.run(ThreadPoolExecutor.java:624)
at java.lang.Thread.run(Thread.java:748)
]]>
            </full-stacktrace>
          </exception> <!-- org.openqa.selenium.ElementClickInterceptedException -->
          <reporter-output>
          </reporter-output>
        </test-method> <!-- verifyQuickIntentCreation -->
        <test-method status="PASS" signature="tearDown()[pri:0, instance:com.intents.chatbot.addintents.VerifyQuickIntentCreation@36f6e879]" name="tearDown" is-config="true" duration-ms="2967" started-at="2020-02-18T05:49:32Z" finished-at="2020-02-18T05:49:35Z">
          <reporter-output>
          </reporter-output>
        </test-method> <!-- tearDown -->
      </class> <!-- com.intents.chatbot.addintents.VerifyQuickIntentCreation -->
      <class name="com.login.chatbot.InvalidUserNameandValidpw">
        <test-method status="PASS" signature="setUp()[pri:0, instance:com.login.chatbot.InvalidUserNameandValidpw@6615435c]" name="setUp" is-config="true" duration-ms="11302" started-at="2020-02-18T05:48:19Z" finished-at="2020-02-18T05:48:30Z">
          <reporter-output>
          </reporter-output>
        </test-method> <!-- setUp -->
        <test-method status="PASS" signature="invalidUserNameandValidpw()[pri:0, instance:com.login.chatbot.InvalidUserNameandValidpw@6615435c]" name="invalidUserNameandValidpw" duration-ms="1376" started-at="2020-02-18T05:48:30Z" finished-at="2020-02-18T05:48:32Z">
          <reporter-output>
          </reporter-output>
        </test-method> <!-- invalidUserNameandValidpw -->
        <test-method status="PASS" signature="tearDown()[pri:0, instance:com.login.chatbot.InvalidUserNameandValidpw@6615435c]" name="tearDown" is-config="true" duration-ms="3965" started-at="2020-02-18T05:48:32Z" finished-at="2020-02-18T05:48:36Z">
          <reporter-output>
          </reporter-output>
        </test-method> <!-- tearDown -->
      </class> <!-- com.login.chatbot.InvalidUserNameandValidpw -->
      <class name="com.intents.chatbot.addintents.VerifyActionNameMandatory">
        <test-method status="PASS" signature="setUp()[pri:0, instance:com.intents.chatbot.addintents.VerifyActionNameMandatory@3551a94]" name="setUp" is-config="true" duration-ms="5171" started-at="2020-02-18T05:49:24Z" finished-at="2020-02-18T05:49:29Z">
          <reporter-output>
          </reporter-output>
        </test-method> <!-- setUp -->
        <test-method status="PASS" signature="verifyanExistingGroupSelecting()[pri:0, instance:com.intents.chatbot.addintents.VerifyActionNameMandatory@3551a94]" name="verifyanExistingGroupSelecting" duration-ms="22101" started-at="2020-02-18T05:49:29Z" finished-at="2020-02-18T05:49:51Z">
          <reporter-output>
          </reporter-output>
        </test-method> <!-- verifyanExistingGroupSelecting -->
        <test-method status="PASS" signature="tearDown()[pri:0, instance:com.intents.chatbot.addintents.VerifyActionNameMandatory@3551a94]" name="tearDown" is-config="true" duration-ms="2360" started-at="2020-02-18T05:49:51Z" finished-at="2020-02-18T05:49:53Z">
          <reporter-output>
          </reporter-output>
        </test-method> <!-- tearDown -->
      </class> <!-- com.intents.chatbot.addintents.VerifyActionNameMandatory -->
      <class name="com.actions.chatbot.addactions.VerifyActionNameUnique">
        <test-method status="PASS" signature="setUp()[pri:0, instance:com.actions.chatbot.addactions.VerifyActionNameUnique@2d3fcdbd]" name="setUp" is-config="true" duration-ms="6570" started-at="2020-02-18T05:48:35Z" finished-at="2020-02-18T05:48:41Z">
          <reporter-output>
          </reporter-output>
        </test-method> <!-- setUp -->
        <test-method status="PASS" signature="verifyActionNameUnique()[pri:0, instance:com.actions.chatbot.addactions.VerifyActionNameUnique@2d3fcdbd]" name="verifyActionNameUnique" duration-ms="11144" started-at="2020-02-18T05:48:41Z" finished-at="2020-02-18T05:48:52Z">
          <reporter-output>
          </reporter-output>
        </test-method> <!-- verifyActionNameUnique -->
        <test-method status="PASS" signature="tearDown()[pri:0, instance:com.actions.chatbot.addactions.VerifyActionNameUnique@2d3fcdbd]" name="tearDown" is-config="true" duration-ms="3214" started-at="2020-02-18T05:48:52Z" finished-at="2020-02-18T05:48:55Z">
          <reporter-output>
          </reporter-output>
        </test-method> <!-- tearDown -->
      </class> <!-- com.actions.chatbot.addactions.VerifyActionNameUnique -->
      <class name="com.intents.chatbot.addintents.VerifyanExistingGroupSelecting">
        <test-method status="PASS" signature="setUp()[pri:0, instance:com.intents.chatbot.addintents.VerifyanExistingGroupSelecting@5a61f5df]" name="setUp" is-config="true" duration-ms="5122" started-at="2020-02-18T05:49:15Z" finished-at="2020-02-18T05:49:21Z">
          <reporter-output>
          </reporter-output>
        </test-method> <!-- setUp -->
        <test-method status="PASS" signature="verifyanExistingGroupSelecting()[pri:0, instance:com.intents.chatbot.addintents.VerifyanExistingGroupSelecting@5a61f5df]" name="verifyanExistingGroupSelecting" duration-ms="26475" started-at="2020-02-18T05:49:21Z" finished-at="2020-02-18T05:49:47Z">
          <reporter-output>
          </reporter-output>
        </test-method> <!-- verifyanExistingGroupSelecting -->
        <test-method status="PASS" signature="tearDown()[pri:0, instance:com.intents.chatbot.addintents.VerifyanExistingGroupSelecting@5a61f5df]" name="tearDown" is-config="true" duration-ms="2371" started-at="2020-02-18T05:49:47Z" finished-at="2020-02-18T05:49:49Z">
          <reporter-output>
          </reporter-output>
        </test-method> <!-- tearDown -->
      </class> <!-- com.intents.chatbot.addintents.VerifyanExistingGroupSelecting -->
      <class name="com.intents.chatbot.addintents.VerifyAddIntentwithQP">
        <test-method status="PASS" signature="setUp()[pri:0, instance:com.intents.chatbot.addintents.VerifyAddIntentwithQP@54a097cc]" name="setUp" is-config="true" duration-ms="4275" started-at="2020-02-18T05:49:08Z" finished-at="2020-02-18T05:49:13Z">
          <reporter-output>
          </reporter-output>
        </test-method> <!-- setUp -->
        <test-method status="PASS" signature="verifyAddIntentwithQP()[pri:0, instance:com.intents.chatbot.addintents.VerifyAddIntentwithQP@54a097cc]" name="verifyAddIntentwithQP" duration-ms="26475" started-at="2020-02-18T05:49:13Z" finished-at="2020-02-18T05:49:39Z">
          <reporter-output>
          </reporter-output>
        </test-method> <!-- verifyAddIntentwithQP -->
        <test-method status="PASS" signature="tearDown()[pri:0, instance:com.intents.chatbot.addintents.VerifyAddIntentwithQP@54a097cc]" name="tearDown" is-config="true" duration-ms="2264" started-at="2020-02-18T05:49:39Z" finished-at="2020-02-18T05:49:41Z">
          <reporter-output>
          </reporter-output>
        </test-method> <!-- tearDown -->
      </class> <!-- com.intents.chatbot.addintents.VerifyAddIntentwithQP -->
      <class name="com.actions.chatbot.searchactions.DeleteanAction">
        <test-method status="PASS" signature="setUp()[pri:0, instance:com.actions.chatbot.searchactions.DeleteanAction@6537cf78]" name="setUp" is-config="true" duration-ms="5577" started-at="2020-02-18T05:48:37Z" finished-at="2020-02-18T05:48:43Z">
          <reporter-output>
          </reporter-output>
        </test-method> <!-- setUp -->
        <test-method status="PASS" signature="DeleteanAction()[pri:0, instance:com.actions.chatbot.searchactions.DeleteanAction@6537cf78]" name="DeleteanAction" duration-ms="12025" started-at="2020-02-18T05:48:43Z" finished-at="2020-02-18T05:48:55Z">
          <reporter-output>
          </reporter-output>
        </test-method> <!-- DeleteanAction -->
        <test-method status="PASS" signature="tearDown()[pri:0, instance:com.actions.chatbot.searchactions.DeleteanAction@6537cf78]" name="tearDown" is-config="true" duration-ms="5393" started-at="2020-02-18T05:48:55Z" finished-at="2020-02-18T05:49:00Z">
          <reporter-output>
          </reporter-output>
        </test-method> <!-- tearDown -->
      </class> <!-- com.actions.chatbot.searchactions.DeleteanAction -->
      <class name="com.login.chatbot.SuccessfulLogin">
        <test-method status="PASS" signature="setUp()[pri:0, instance:com.login.chatbot.SuccessfulLogin@6b143ee9]" name="setUp" is-config="true" duration-ms="7849" started-at="2020-02-18T05:48:19Z" finished-at="2020-02-18T05:48:27Z">
          <reporter-output>
          </reporter-output>
        </test-method> <!-- setUp -->
        <test-method status="PASS" signature="successfulLogin()[pri:0, instance:com.login.chatbot.SuccessfulLogin@6b143ee9]" name="successfulLogin" duration-ms="5900" started-at="2020-02-18T05:48:27Z" finished-at="2020-02-18T05:48:33Z">
          <reporter-output>
          </reporter-output>
        </test-method> <!-- successfulLogin -->
        <test-method status="PASS" signature="tearDown()[pri:0, instance:com.login.chatbot.SuccessfulLogin@6b143ee9]" name="tearDown" is-config="true" duration-ms="4070" started-at="2020-02-18T05:48:33Z" finished-at="2020-02-18T05:48:37Z">
          <reporter-output>
          </reporter-output>
        </test-method> <!-- tearDown -->
      </class> <!-- com.login.chatbot.SuccessfulLogin -->
      <class name="com.actions.chatbot.searchactions.VerifySearchActionbyName">
        <test-method status="FAIL" signature="setUp()[pri:0, instance:com.actions.chatbot.searchactions.VerifySearchActionbyName@35fb3008]" name="setUp" is-config="true" duration-ms="5598" started-at="2020-02-18T05:49:00Z" finished-at="2020-02-18T05:49:06Z">
          <exception class="java.lang.IllegalStateException">
            <message>
              <![CDATA[The driver executable does not exist: /home/nilushi/Documents/chatbot/Chat_Bot_Regeression_Cycle/E:/Workspace/chromedriver.exe]]>
            </message>
            <full-stacktrace>
              <![CDATA[java.lang.IllegalStateException: The driver executable does not exist: /home/nilushi/Documents/chatbot/Chat_Bot_Regeression_Cycle/E:/Workspace/chromedriver.exe
at com.google.common.base.Preconditions.checkState(Preconditions.java:585)
at org.openqa.selenium.remote.service.DriverService.checkExecutable(DriverService.java:146)
at org.openqa.selenium.remote.service.DriverService.findExecutable(DriverService.java:141)
at org.openqa.selenium.chrome.ChromeDriverService.access$000(ChromeDriverService.java:35)
at org.openqa.selenium.chrome.ChromeDriverService$Builder.findDefaultExecutable(ChromeDriverService.java:159)
at org.openqa.selenium.remote.service.DriverService$Builder.build(DriverService.java:355)
at org.openqa.selenium.chrome.ChromeDriverService.createDefaultService(ChromeDriverService.java:94)
at org.openqa.selenium.chrome.ChromeDriver.<init>(ChromeDriver.java:123)
at com.actions.chatbot.searchactions.VerifySearchActionbyName.setUp(VerifySearchActionbyName.java:26)
at sun.reflect.NativeMethodAccessorImpl.invoke0(Native Method)
at sun.reflect.NativeMethodAccessorImpl.invoke(NativeMethodAccessorImpl.java:62)
at sun.reflect.DelegatingMethodAccessorImpl.invoke(DelegatingMethodAccessorImpl.java:43)
at java.lang.reflect.Method.invoke(Method.java:498)
at org.testng.internal.MethodInvocationHelper.invokeMethod(MethodInvocationHelper.java:124)
at org.testng.internal.MethodInvocationHelper.invokeMethodConsideringTimeout(MethodInvocationHelper.java:59)
at org.testng.internal.Invoker.invokeConfigurationMethod(Invoker.java:458)
at org.testng.internal.Invoker.invokeConfigurations(Invoker.java:222)
at org.testng.internal.Invoker.invokeConfigurations(Invoker.java:142)
at org.testng.internal.TestMethodWorker.invokeBeforeClassMethods(TestMethodWorker.java:168)
at org.testng.internal.TestMethodWorker.run(TestMethodWorker.java:105)
at java.util.concurrent.ThreadPoolExecutor.runWorker(ThreadPoolExecutor.java:1149)
at java.util.concurrent.ThreadPoolExecutor$Worker.run(ThreadPoolExecutor.java:624)
at java.lang.Thread.run(Thread.java:748)
]]>
            </full-stacktrace>
          </exception> <!-- java.lang.IllegalStateException -->
          <reporter-output>
          </reporter-output>
        </test-method> <!-- setUp -->
        <test-method status="SKIP" signature="verifySearchActionbyName()[pri:0, instance:com.actions.chatbot.searchactions.VerifySearchActionbyName@35fb3008]" name="verifySearchActionbyName" duration-ms="0" started-at="2020-02-18T05:49:06Z" finished-at="2020-02-18T05:49:06Z">
          <exception class="java.lang.IllegalStateException">
            <message>
              <![CDATA[The driver executable does not exist: /home/nilushi/Documents/chatbot/Chat_Bot_Regeression_Cycle/E:/Workspace/chromedriver.exe]]>
            </message>
            <full-stacktrace>
              <![CDATA[java.lang.IllegalStateException: The driver executable does not exist: /home/nilushi/Documents/chatbot/Chat_Bot_Regeression_Cycle/E:/Workspace/chromedriver.exe
at com.google.common.base.Preconditions.checkState(Preconditions.java:585)
at org.openqa.selenium.remote.service.DriverService.checkExecutable(DriverService.java:146)
at org.openqa.selenium.remote.service.DriverService.findExecutable(DriverService.java:141)
at org.openqa.selenium.chrome.ChromeDriverService.access$000(ChromeDriverService.java:35)
at org.openqa.selenium.chrome.ChromeDriverService$Builder.findDefaultExecutable(ChromeDriverService.java:159)
at org.openqa.selenium.remote.service.DriverService$Builder.build(DriverService.java:355)
at org.openqa.selenium.chrome.ChromeDriverService.createDefaultService(ChromeDriverService.java:94)
at org.openqa.selenium.chrome.ChromeDriver.<init>(ChromeDriver.java:123)
at com.actions.chatbot.searchactions.VerifySearchActionbyName.setUp(VerifySearchActionbyName.java:26)
at sun.reflect.NativeMethodAccessorImpl.invoke0(Native Method)
at sun.reflect.NativeMethodAccessorImpl.invoke(NativeMethodAccessorImpl.java:62)
at sun.reflect.DelegatingMethodAccessorImpl.invoke(DelegatingMethodAccessorImpl.java:43)
at java.lang.reflect.Method.invoke(Method.java:498)
at org.testng.internal.MethodInvocationHelper.invokeMethod(MethodInvocationHelper.java:124)
at org.testng.internal.MethodInvocationHelper.invokeMethodConsideringTimeout(MethodInvocationHelper.java:59)
at org.testng.internal.Invoker.invokeConfigurationMethod(Invoker.java:458)
at org.testng.internal.Invoker.invokeConfigurations(Invoker.java:222)
at org.testng.internal.Invoker.invokeConfigurations(Invoker.java:142)
at org.testng.internal.TestMethodWorker.invokeBeforeClassMethods(TestMethodWorker.java:168)
at org.testng.internal.TestMethodWorker.run(TestMethodWorker.java:105)
at java.util.concurrent.ThreadPoolExecutor.runWorker(ThreadPoolExecutor.java:1149)
at java.util.concurrent.ThreadPoolExecutor$Worker.run(ThreadPoolExecutor.java:624)
at java.lang.Thread.run(Thread.java:748)
]]>
            </full-stacktrace>
          </exception> <!-- java.lang.IllegalStateException -->
          <reporter-output>
          </reporter-output>
        </test-method> <!-- verifySearchActionbyName -->
        <test-method status="PASS" signature="tearDown()[pri:0, instance:com.actions.chatbot.searchactions.VerifySearchActionbyName@35fb3008]" name="tearDown" is-config="true" duration-ms="2762" started-at="2020-02-18T05:49:06Z" finished-at="2020-02-18T05:49:08Z">
          <reporter-output>
          </reporter-output>
        </test-method> <!-- tearDown -->
      </class> <!-- com.actions.chatbot.searchactions.VerifySearchActionbyName -->
      <class name="com.actions.chatbot.searchactions.VerifyUpdateAction">
        <test-method status="PASS" signature="setUp()[pri:0, instance:com.actions.chatbot.searchactions.VerifyUpdateAction@366e2eef]" name="setUp" is-config="true" duration-ms="5210" started-at="2020-02-18T05:48:50Z" finished-at="2020-02-18T05:48:55Z">
          <reporter-output>
          </reporter-output>
        </test-method> <!-- setUp -->
        <test-method status="PASS" signature="verifyUpdateAction()[pri:0, instance:com.actions.chatbot.searchactions.VerifyUpdateAction@366e2eef]" name="verifyUpdateAction" duration-ms="15301" started-at="2020-02-18T05:48:55Z" finished-at="2020-02-18T05:49:10Z">
          <reporter-output>
          </reporter-output>
        </test-method> <!-- verifyUpdateAction -->
        <test-method status="PASS" signature="tearDown()[pri:0, instance:com.actions.chatbot.searchactions.VerifyUpdateAction@366e2eef]" name="tearDown" is-config="true" duration-ms="3182" started-at="2020-02-18T05:49:10Z" finished-at="2020-02-18T05:49:14Z">
          <reporter-output>
          </reporter-output>
        </test-method> <!-- tearDown -->
      </class> <!-- com.actions.chatbot.searchactions.VerifyUpdateAction -->
      <class name="com.login.chatbot.InvalidUserNameandInvalidpw">
        <test-method status="PASS" signature="setUp()[pri:0, instance:com.login.chatbot.InvalidUserNameandInvalidpw@15975490]" name="setUp" is-config="true" duration-ms="8170" started-at="2020-02-18T05:48:19Z" finished-at="2020-02-18T05:48:27Z">
          <reporter-output>
          </reporter-output>
        </test-method> <!-- setUp -->
        <test-method status="PASS" signature="invalidUserNameandValidpw()[pri:0, instance:com.login.chatbot.InvalidUserNameandInvalidpw@15975490]" name="invalidUserNameandValidpw" duration-ms="4312" started-at="2020-02-18T05:48:27Z" finished-at="2020-02-18T05:48:32Z">
          <reporter-output>
          </reporter-output>
        </test-method> <!-- invalidUserNameandValidpw -->
        <test-method status="PASS" signature="tearDown()[pri:0, instance:com.login.chatbot.InvalidUserNameandInvalidpw@15975490]" name="tearDown" is-config="true" duration-ms="2889" started-at="2020-02-18T05:48:32Z" finished-at="2020-02-18T05:48:35Z">
          <reporter-output>
          </reporter-output>
        </test-method> <!-- tearDown -->
      </class> <!-- com.login.chatbot.InvalidUserNameandInvalidpw -->
      <class name="com.actions.chatbot.addactions.CreateAnAction">
        <test-method status="PASS" signature="setUp()[pri:0, instance:com.actions.chatbot.addactions.CreateAnAction@4909b8da]" name="setUp" is-config="true" duration-ms="8472" started-at="2020-02-18T05:48:19Z" finished-at="2020-02-18T05:48:28Z">
          <reporter-output>
          </reporter-output>
        </test-method> <!-- setUp -->
        <test-method status="PASS" signature="createAnAction()[pri:0, instance:com.actions.chatbot.addactions.CreateAnAction@4909b8da]" name="createAnAction" duration-ms="12138" started-at="2020-02-18T05:48:28Z" finished-at="2020-02-18T05:48:40Z">
          <reporter-output>
          </reporter-output>
        </test-method> <!-- createAnAction -->
        <test-method status="PASS" signature="tearDown()[pri:0, instance:com.actions.chatbot.addactions.CreateAnAction@4909b8da]" name="tearDown" is-config="true" duration-ms="4415" started-at="2020-02-18T05:48:40Z" finished-at="2020-02-18T05:48:44Z">
          <reporter-output>
          </reporter-output>
        </test-method> <!-- tearDown -->
      </class> <!-- com.actions.chatbot.addactions.CreateAnAction -->
      <class name="com.actions.chatbot.addactions.VerifyActionResetButton">
        <test-method status="FAIL" signature="setUp()[pri:0, instance:com.actions.chatbot.addactions.VerifyActionResetButton@617c74e5]" name="setUp" is-config="true" duration-ms="4996" started-at="2020-02-18T05:48:36Z" finished-at="2020-02-18T05:48:41Z">
          <exception class="java.lang.IllegalStateException">
            <message>
              <![CDATA[The driver executable does not exist: /home/nilushi/Documents/chatbot/Chat_Bot_Regeression_Cycle/E:/Workspace/chromedriver.exe]]>
            </message>
            <full-stacktrace>
              <![CDATA[java.lang.IllegalStateException: The driver executable does not exist: /home/nilushi/Documents/chatbot/Chat_Bot_Regeression_Cycle/E:/Workspace/chromedriver.exe
at com.google.common.base.Preconditions.checkState(Preconditions.java:585)
at org.openqa.selenium.remote.service.DriverService.checkExecutable(DriverService.java:146)
at org.openqa.selenium.remote.service.DriverService.findExecutable(DriverService.java:141)
at org.openqa.selenium.chrome.ChromeDriverService.access$000(ChromeDriverService.java:35)
at org.openqa.selenium.chrome.ChromeDriverService$Builder.findDefaultExecutable(ChromeDriverService.java:159)
at org.openqa.selenium.remote.service.DriverService$Builder.build(DriverService.java:355)
at org.openqa.selenium.chrome.ChromeDriverService.createDefaultService(ChromeDriverService.java:94)
at org.openqa.selenium.chrome.ChromeDriver.<init>(ChromeDriver.java:123)
at com.actions.chatbot.addactions.VerifyActionResetButton.setUp(VerifyActionResetButton.java:31)
at sun.reflect.NativeMethodAccessorImpl.invoke0(Native Method)
at sun.reflect.NativeMethodAccessorImpl.invoke(NativeMethodAccessorImpl.java:62)
at sun.reflect.DelegatingMethodAccessorImpl.invoke(DelegatingMethodAccessorImpl.java:43)
at java.lang.reflect.Method.invoke(Method.java:498)
at org.testng.internal.MethodInvocationHelper.invokeMethod(MethodInvocationHelper.java:124)
at org.testng.internal.MethodInvocationHelper.invokeMethodConsideringTimeout(MethodInvocationHelper.java:59)
at org.testng.internal.Invoker.invokeConfigurationMethod(Invoker.java:458)
at org.testng.internal.Invoker.invokeConfigurations(Invoker.java:222)
at org.testng.internal.Invoker.invokeConfigurations(Invoker.java:142)
at org.testng.internal.TestMethodWorker.invokeBeforeClassMethods(TestMethodWorker.java:168)
at org.testng.internal.TestMethodWorker.run(TestMethodWorker.java:105)
at java.util.concurrent.ThreadPoolExecutor.runWorker(ThreadPoolExecutor.java:1149)
at java.util.concurrent.ThreadPoolExecutor$Worker.run(ThreadPoolExecutor.java:624)
at java.lang.Thread.run(Thread.java:748)
]]>
            </full-stacktrace>
          </exception> <!-- java.lang.IllegalStateException -->
          <reporter-output>
          </reporter-output>
        </test-method> <!-- setUp -->
        <test-method status="SKIP" signature="VerifyActionResetButton()[pri:0, instance:com.actions.chatbot.addactions.VerifyActionResetButton@617c74e5]" name="VerifyActionResetButton" duration-ms="0" started-at="2020-02-18T05:48:41Z" finished-at="2020-02-18T05:48:41Z">
          <exception class="java.lang.IllegalStateException">
            <message>
              <![CDATA[The driver executable does not exist: /home/nilushi/Documents/chatbot/Chat_Bot_Regeression_Cycle/E:/Workspace/chromedriver.exe]]>
            </message>
            <full-stacktrace>
              <![CDATA[java.lang.IllegalStateException: The driver executable does not exist: /home/nilushi/Documents/chatbot/Chat_Bot_Regeression_Cycle/E:/Workspace/chromedriver.exe
at com.google.common.base.Preconditions.checkState(Preconditions.java:585)
at org.openqa.selenium.remote.service.DriverService.checkExecutable(DriverService.java:146)
at org.openqa.selenium.remote.service.DriverService.findExecutable(DriverService.java:141)
at org.openqa.selenium.chrome.ChromeDriverService.access$000(ChromeDriverService.java:35)
at org.openqa.selenium.chrome.ChromeDriverService$Builder.findDefaultExecutable(ChromeDriverService.java:159)
at org.openqa.selenium.remote.service.DriverService$Builder.build(DriverService.java:355)
at org.openqa.selenium.chrome.ChromeDriverService.createDefaultService(ChromeDriverService.java:94)
at org.openqa.selenium.chrome.ChromeDriver.<init>(ChromeDriver.java:123)
at com.actions.chatbot.addactions.VerifyActionResetButton.setUp(VerifyActionResetButton.java:31)
at sun.reflect.NativeMethodAccessorImpl.invoke0(Native Method)
at sun.reflect.NativeMethodAccessorImpl.invoke(NativeMethodAccessorImpl.java:62)
at sun.reflect.DelegatingMethodAccessorImpl.invoke(DelegatingMethodAccessorImpl.java:43)
at java.lang.reflect.Method.invoke(Method.java:498)
at org.testng.internal.MethodInvocationHelper.invokeMethod(MethodInvocationHelper.java:124)
at org.testng.internal.MethodInvocationHelper.invokeMethodConsideringTimeout(MethodInvocationHelper.java:59)
at org.testng.internal.Invoker.invokeConfigurationMethod(Invoker.java:458)
at org.testng.internal.Invoker.invokeConfigurations(Invoker.java:222)
at org.testng.internal.Invoker.invokeConfigurations(Invoker.java:142)
at org.testng.internal.TestMethodWorker.invokeBeforeClassMethods(TestMethodWorker.java:168)
at org.testng.internal.TestMethodWorker.run(TestMethodWorker.java:105)
at java.util.concurrent.ThreadPoolExecutor.runWorker(ThreadPoolExecutor.java:1149)
at java.util.concurrent.ThreadPoolExecutor$Worker.run(ThreadPoolExecutor.java:624)
at java.lang.Thread.run(Thread.java:748)
]]>
            </full-stacktrace>
          </exception> <!-- java.lang.IllegalStateException -->
          <reporter-output>
          </reporter-output>
        </test-method> <!-- VerifyActionResetButton -->
        <test-method status="PASS" signature="tearDown()[pri:0, instance:com.actions.chatbot.addactions.VerifyActionResetButton@617c74e5]" name="tearDown" is-config="true" duration-ms="3081" started-at="2020-02-18T05:48:41Z" finished-at="2020-02-18T05:48:44Z">
          <reporter-output>
          </reporter-output>
        </test-method> <!-- tearDown -->
      </class> <!-- com.actions.chatbot.addactions.VerifyActionResetButton -->
      <class name="com.actions.chatbot.searchactions.VerifyGenerateReport">
        <test-method status="FAIL" signature="setUp()[pri:0, instance:com.actions.chatbot.searchactions.VerifyGenerateReport@34b7bfc0]" name="setUp" is-config="true" duration-ms="5283" started-at="2020-02-18T05:48:44Z" finished-at="2020-02-18T05:48:49Z">
          <exception class="java.lang.IllegalStateException">
            <message>
              <![CDATA[The driver executable does not exist: /home/nilushi/Documents/chatbot/Chat_Bot_Regeression_Cycle/E:/Workspace/chromedriver.exe]]>
            </message>
            <full-stacktrace>
              <![CDATA[java.lang.IllegalStateException: The driver executable does not exist: /home/nilushi/Documents/chatbot/Chat_Bot_Regeression_Cycle/E:/Workspace/chromedriver.exe
at com.google.common.base.Preconditions.checkState(Preconditions.java:585)
at org.openqa.selenium.remote.service.DriverService.checkExecutable(DriverService.java:146)
at org.openqa.selenium.remote.service.DriverService.findExecutable(DriverService.java:141)
at org.openqa.selenium.chrome.ChromeDriverService.access$000(ChromeDriverService.java:35)
at org.openqa.selenium.chrome.ChromeDriverService$Builder.findDefaultExecutable(ChromeDriverService.java:159)
at org.openqa.selenium.remote.service.DriverService$Builder.build(DriverService.java:355)
at org.openqa.selenium.chrome.ChromeDriverService.createDefaultService(ChromeDriverService.java:94)
at org.openqa.selenium.chrome.ChromeDriver.<init>(ChromeDriver.java:123)
at com.actions.chatbot.searchactions.VerifyGenerateReport.setUp(VerifyGenerateReport.java:26)
at sun.reflect.NativeMethodAccessorImpl.invoke0(Native Method)
at sun.reflect.NativeMethodAccessorImpl.invoke(NativeMethodAccessorImpl.java:62)
at sun.reflect.DelegatingMethodAccessorImpl.invoke(DelegatingMethodAccessorImpl.java:43)
at java.lang.reflect.Method.invoke(Method.java:498)
at org.testng.internal.MethodInvocationHelper.invokeMethod(MethodInvocationHelper.java:124)
at org.testng.internal.MethodInvocationHelper.invokeMethodConsideringTimeout(MethodInvocationHelper.java:59)
at org.testng.internal.Invoker.invokeConfigurationMethod(Invoker.java:458)
at org.testng.internal.Invoker.invokeConfigurations(Invoker.java:222)
at org.testng.internal.Invoker.invokeConfigurations(Invoker.java:142)
at org.testng.internal.TestMethodWorker.invokeBeforeClassMethods(TestMethodWorker.java:168)
at org.testng.internal.TestMethodWorker.run(TestMethodWorker.java:105)
at java.util.concurrent.ThreadPoolExecutor.runWorker(ThreadPoolExecutor.java:1149)
at java.util.concurrent.ThreadPoolExecutor$Worker.run(ThreadPoolExecutor.java:624)
at java.lang.Thread.run(Thread.java:748)
]]>
            </full-stacktrace>
          </exception> <!-- java.lang.IllegalStateException -->
          <reporter-output>
          </reporter-output>
        </test-method> <!-- setUp -->
        <test-method status="SKIP" signature="verifyGenerateReport()[pri:0, instance:com.actions.chatbot.searchactions.VerifyGenerateReport@34b7bfc0]" name="verifyGenerateReport" duration-ms="0" started-at="2020-02-18T05:48:49Z" finished-at="2020-02-18T05:48:49Z">
          <exception class="java.lang.IllegalStateException">
            <message>
              <![CDATA[The driver executable does not exist: /home/nilushi/Documents/chatbot/Chat_Bot_Regeression_Cycle/E:/Workspace/chromedriver.exe]]>
            </message>
            <full-stacktrace>
              <![CDATA[java.lang.IllegalStateException: The driver executable does not exist: /home/nilushi/Documents/chatbot/Chat_Bot_Regeression_Cycle/E:/Workspace/chromedriver.exe
at com.google.common.base.Preconditions.checkState(Preconditions.java:585)
at org.openqa.selenium.remote.service.DriverService.checkExecutable(DriverService.java:146)
at org.openqa.selenium.remote.service.DriverService.findExecutable(DriverService.java:141)
at org.openqa.selenium.chrome.ChromeDriverService.access$000(ChromeDriverService.java:35)
at org.openqa.selenium.chrome.ChromeDriverService$Builder.findDefaultExecutable(ChromeDriverService.java:159)
at org.openqa.selenium.remote.service.DriverService$Builder.build(DriverService.java:355)
at org.openqa.selenium.chrome.ChromeDriverService.createDefaultService(ChromeDriverService.java:94)
at org.openqa.selenium.chrome.ChromeDriver.<init>(ChromeDriver.java:123)
at com.actions.chatbot.searchactions.VerifyGenerateReport.setUp(VerifyGenerateReport.java:26)
at sun.reflect.NativeMethodAccessorImpl.invoke0(Native Method)
at sun.reflect.NativeMethodAccessorImpl.invoke(NativeMethodAccessorImpl.java:62)
at sun.reflect.DelegatingMethodAccessorImpl.invoke(DelegatingMethodAccessorImpl.java:43)
at java.lang.reflect.Method.invoke(Method.java:498)
at org.testng.internal.MethodInvocationHelper.invokeMethod(MethodInvocationHelper.java:124)
at org.testng.internal.MethodInvocationHelper.invokeMethodConsideringTimeout(MethodInvocationHelper.java:59)
at org.testng.internal.Invoker.invokeConfigurationMethod(Invoker.java:458)
at org.testng.internal.Invoker.invokeConfigurations(Invoker.java:222)
at org.testng.internal.Invoker.invokeConfigurations(Invoker.java:142)
at org.testng.internal.TestMethodWorker.invokeBeforeClassMethods(TestMethodWorker.java:168)
at org.testng.internal.TestMethodWorker.run(TestMethodWorker.java:105)
at java.util.concurrent.ThreadPoolExecutor.runWorker(ThreadPoolExecutor.java:1149)
at java.util.concurrent.ThreadPoolExecutor$Worker.run(ThreadPoolExecutor.java:624)
at java.lang.Thread.run(Thread.java:748)
]]>
            </full-stacktrace>
          </exception> <!-- java.lang.IllegalStateException -->
          <reporter-output>
          </reporter-output>
        </test-method> <!-- verifyGenerateReport -->
        <test-method status="PASS" signature="tearDown()[pri:0, instance:com.actions.chatbot.searchactions.VerifyGenerateReport@34b7bfc0]" name="tearDown" is-config="true" duration-ms="2651" started-at="2020-02-18T05:48:49Z" finished-at="2020-02-18T05:48:52Z">
          <reporter-output>
          </reporter-output>
        </test-method> <!-- tearDown -->
      </class> <!-- com.actions.chatbot.searchactions.VerifyGenerateReport -->
    </test> <!-- Test1 -->
  </suite> <!-- Suite1 -->
</testng-results>
