<?xml version="1.0" encoding="UTF-8"?>
<!-- Generated by org.testng.reporters.JUnitReportReporter -->
<testsuite skipped="1" hostname="nilushi-trabeya" name="com.actions.chatbot.addactions.VerifyActionResetButton" tests="2" failures="0" timestamp="18 Feb 2020 05:49:54 GMT" time="4.996" errors="1">
  <testcase name="setUp" time="4.996" classname="com.actions.chatbot.addactions.VerifyActionResetButton">
    <error type="java.lang.IllegalStateException" message="The driver executable does not exist: /home/nilushi/Documents/chatbot/Chat_Bot_Regeression_Cycle/E:/Workspace/chromedriver.exe">
      <![CDATA[java.lang.IllegalStateException: The driver executable does not exist: /home/nilushi/Documents/chatbot/Chat_Bot_Regeression_Cycle/E:/Workspace/chromedriver.exe
at com.google.common.base.Preconditions.checkState(Preconditions.java:585)
at org.openqa.selenium.remote.service.DriverService.checkExecutable(DriverService.java:146)
at org.openqa.selenium.remote.service.DriverService.findExecutable(DriverService.java:141)
at org.openqa.selenium.chrome.ChromeDriverService.access$000(ChromeDriverService.java:35)
at org.openqa.selenium.chrome.ChromeDriverService$Builder.findDefaultExecutable(ChromeDriverService.java:159)
at org.openqa.selenium.remote.service.DriverService$Builder.build(DriverService.java:355)
at org.openqa.selenium.chrome.ChromeDriverService.createDefaultService(ChromeDriverService.java:94)
at org.openqa.selenium.chrome.ChromeDriver.<init>(ChromeDriver.java:123)
at com.actions.chatbot.addactions.VerifyActionResetButton.setUp(VerifyActionResetButton.java:31)
at sun.reflect.NativeMethodAccessorImpl.invoke0(Native Method)
at sun.reflect.NativeMethodAccessorImpl.invoke(NativeMethodAccessorImpl.java:62)
at sun.reflect.DelegatingMethodAccessorImpl.invoke(DelegatingMethodAccessorImpl.java:43)
at java.lang.reflect.Method.invoke(Method.java:498)
at org.testng.internal.MethodInvocationHelper.invokeMethod(MethodInvocationHelper.java:124)
at org.testng.internal.MethodInvocationHelper.invokeMethodConsideringTimeout(MethodInvocationHelper.java:59)
at org.testng.internal.Invoker.invokeConfigurationMethod(Invoker.java:458)
at org.testng.internal.Invoker.invokeConfigurations(Invoker.java:222)
at org.testng.internal.Invoker.invokeConfigurations(Invoker.java:142)
at org.testng.internal.TestMethodWorker.invokeBeforeClassMethods(TestMethodWorker.java:168)
at org.testng.internal.TestMethodWorker.run(TestMethodWorker.java:105)
at java.util.concurrent.ThreadPoolExecutor.runWorker(ThreadPoolExecutor.java:1149)
at java.util.concurrent.ThreadPoolExecutor$Worker.run(ThreadPoolExecutor.java:624)
at java.lang.Thread.run(Thread.java:748)
]]>
    </error>
  </testcase> <!-- setUp -->
  <testcase name="VerifyActionResetButton" time="0.000" classname="com.actions.chatbot.addactions.VerifyActionResetButton">
    <skipped/>
  </testcase> <!-- VerifyActionResetButton -->
</testsuite> <!-- com.actions.chatbot.addactions.VerifyActionResetButton -->
